mode: set
github.com/mats9693/leetcode/utils/sort/sort.go:8.27,9.18 1 1
github.com/mats9693/leetcode/utils/sort/sort.go:13.2,20.42 2 1
github.com/mats9693/leetcode/utils/sort/sort.go:32.2,32.8 1 1
github.com/mats9693/leetcode/utils/sort/sort.go:9.18,11.3 1 0
github.com/mats9693/leetcode/utils/sort/sort.go:20.42,23.31 3 1
github.com/mats9693/leetcode/utils/sort/sort.go:23.31,24.23 1 1
github.com/mats9693/leetcode/utils/sort/sort.go:24.23,28.5 3 1
github.com/mats9693/leetcode/utils/sort/sort.go:35.34,36.11 1 1
github.com/mats9693/leetcode/utils/sort/sort.go:42.2,42.8 1 1
github.com/mats9693/leetcode/utils/sort/sort.go:36.11,38.3 1 1
github.com/mats9693/leetcode/utils/sort/sort.go:38.8,40.3 1 1
github.com/mats9693/leetcode/utils/sort/sort.go:46.30,47.18 1 1
github.com/mats9693/leetcode/utils/sort/sort.go:51.2,57.42 2 1
github.com/mats9693/leetcode/utils/sort/sort.go:71.2,71.8 1 1
github.com/mats9693/leetcode/utils/sort/sort.go:47.18,49.3 1 0
github.com/mats9693/leetcode/utils/sort/sort.go:57.42,60.33 3 1
github.com/mats9693/leetcode/utils/sort/sort.go:66.3,66.29 1 1
github.com/mats9693/leetcode/utils/sort/sort.go:60.33,61.29 1 1
github.com/mats9693/leetcode/utils/sort/sort.go:61.29,64.5 2 1
github.com/mats9693/leetcode/utils/sort/sort.go:66.29,68.4 1 0
github.com/mats9693/leetcode/utils/sort/sort.go:75.26,76.18 1 1
github.com/mats9693/leetcode/utils/sort/sort.go:80.2,87.2 3 1
github.com/mats9693/leetcode/utils/sort/sort.go:105.2,106.29 2 1
github.com/mats9693/leetcode/utils/sort/sort.go:113.2,113.30 1 1
github.com/mats9693/leetcode/utils/sort/sort.go:117.2,117.8 1 1
github.com/mats9693/leetcode/utils/sort/sort.go:76.18,78.3 1 0
github.com/mats9693/leetcode/utils/sort/sort.go:87.2,92.7 2 1
github.com/mats9693/leetcode/utils/sort/sort.go:100.3,100.40 1 1
github.com/mats9693/leetcode/utils/sort/sort.go:92.7,95.26 3 1
github.com/mats9693/leetcode/utils/sort/sort.go:95.26,96.10 1 1
github.com/mats9693/leetcode/utils/sort/sort.go:100.40,102.4 1 1
github.com/mats9693/leetcode/utils/sort/sort.go:106.29,108.32 2 1
github.com/mats9693/leetcode/utils/sort/sort.go:108.32,110.4 1 1
github.com/mats9693/leetcode/utils/sort/sort.go:113.30,115.3 1 1
github.com/mats9693/leetcode/utils/sort/sort.go:121.26,122.18 1 1
github.com/mats9693/leetcode/utils/sort/sort.go:126.2,127.2 2 1
github.com/mats9693/leetcode/utils/sort/sort.go:144.2,147.8 3 1
github.com/mats9693/leetcode/utils/sort/sort.go:122.18,124.3 1 1
github.com/mats9693/leetcode/utils/sort/sort.go:127.2,129.32 2 1
github.com/mats9693/leetcode/utils/sort/sort.go:139.3,139.17 1 1
github.com/mats9693/leetcode/utils/sort/sort.go:129.32,130.21 1 1
github.com/mats9693/leetcode/utils/sort/sort.go:130.21,132.5 1 1
github.com/mats9693/leetcode/utils/sort/sort.go:132.10,134.17 2 0
github.com/mats9693/leetcode/utils/sort/sort.go:134.17,136.6 1 0
github.com/mats9693/leetcode/utils/sort/sort.go:139.17,141.4 1 0
github.com/mats9693/leetcode/utils/sort/sort.go:151.29,156.2 2 1
github.com/mats9693/leetcode/utils/sort/sort.go:179.2,180.42 2 1
github.com/mats9693/leetcode/utils/sort/sort.go:187.2,187.8 1 1
github.com/mats9693/leetcode/utils/sort/sort.go:156.2,158.3 2 1
github.com/mats9693/leetcode/utils/sort/sort.go:173.3,174.32 2 1
github.com/mats9693/leetcode/utils/sort/sort.go:158.3,159.20 1 1
github.com/mats9693/leetcode/utils/sort/sort.go:163.4,164.33 2 1
github.com/mats9693/leetcode/utils/sort/sort.go:159.20,161.5 1 0
github.com/mats9693/leetcode/utils/sort/sort.go:164.33,165.20 1 1
github.com/mats9693/leetcode/utils/sort/sort.go:165.20,167.6 1 1
github.com/mats9693/leetcode/utils/sort/sort.go:167.11,167.27 1 0
github.com/mats9693/leetcode/utils/sort/sort.go:167.27,169.6 1 0
github.com/mats9693/leetcode/utils/sort/sort.go:174.32,176.4 1 1
github.com/mats9693/leetcode/utils/sort/sort.go:180.42,181.50 1 1
github.com/mats9693/leetcode/utils/sort/sort.go:181.50,184.4 2 1
github.com/mats9693/leetcode/utils/sort/sort.go:191.30,192.18 1 1
github.com/mats9693/leetcode/utils/sort/sort.go:196.2,200.30 2 1
github.com/mats9693/leetcode/utils/sort/sort.go:213.2,213.8 1 1
github.com/mats9693/leetcode/utils/sort/sort.go:192.18,194.3 1 0
github.com/mats9693/leetcode/utils/sort/sort.go:200.30,201.23 1 1
github.com/mats9693/leetcode/utils/sort/sort.go:204.3,204.52 1 0
github.com/mats9693/leetcode/utils/sort/sort.go:206.3,207.28 2 0
github.com/mats9693/leetcode/utils/sort/sort.go:210.3,210.17 1 0
github.com/mats9693/leetcode/utils/sort/sort.go:201.23,202.12 1 1
github.com/mats9693/leetcode/utils/sort/sort.go:204.53,205.4 0 0
github.com/mats9693/leetcode/utils/sort/sort.go:207.28,209.4 1 0
